<?xml version="1.0" encoding="UTF-8"?>
<testsuite xmlns:xsi="http://www.w3.org/2001/XMLSchema-instance" xsi:noNamespaceSchemaLocation="https://maven.apache.org/surefire/maven-surefire-plugin/xsd/surefire-test-report.xsd" name="com.ust.EmployeeLeaveApp.EmployeeLeaveAppApplicationTests" time="0.335" tests="1" errors="1" skipped="0" failures="0">
  <properties>
[...]
</properties>
  <testcase name="com.ust.EmployeeLeaveApp.EmployeeLeaveAppApplicationTests" classname="com.ust.EmployeeLeaveApp.EmployeeLeaveAppApplicationTests" time="0.333">
    <error message="Failed to read candidate component class: file [C:\Users\Administrator\Downloads\EmployeeLeaveApp\EmployeeLeaveApp\target\test-classes\com\ust\EmployeeLeaveApp\EmployeeLeaveAppApplicationTests.class]; nested exception is org.springframework.core.NestedIOException: ASM ClassReader failed to parse class file - probably due to a new Java class file version that isn&apos;t supported yet: file [C:\Users\Administrator\Downloads\EmployeeLeaveApp\EmployeeLeaveApp\target\test-classes\com\ust\EmployeeLeaveApp\EmployeeLeaveAppApplicationTests.class]; nested exception is java.lang.IllegalArgumentException: Unsupported class file major version 61" type="org.springframework.beans.factory.BeanDefinitionStoreException">org.springframework.beans.factory.BeanDefinitionStoreException: Failed to read candidate component class: file [C:\Users\Administrator\Downloads\EmployeeLeaveApp\EmployeeLeaveApp\target\test-classes\com\ust\EmployeeLeaveApp\EmployeeLeaveAppApplicationTests.class]; nested exception is org.springframework.core.NestedIOException: ASM ClassReader failed to parse class file - probably due to a new Java class file version that isn't supported yet: file [C:\Users\Administrator\Downloads\EmployeeLeaveApp\EmployeeLeaveApp\target\test-classes\com\ust\EmployeeLeaveApp\EmployeeLeaveAppApplicationTests.class]; nested exception is java.lang.IllegalArgumentException: Unsupported class file major version 61
Caused by: org.springframework.core.NestedIOException: ASM ClassReader failed to parse class file - probably due to a new Java class file version that isn't supported yet: file [C:\Users\Administrator\Downloads\EmployeeLeaveApp\EmployeeLeaveApp\target\test-classes\com\ust\EmployeeLeaveApp\EmployeeLeaveAppApplicationTests.class]; nested exception is java.lang.IllegalArgumentException: Unsupported class file major version 61
Caused by: java.lang.IllegalArgumentException: Unsupported class file major version 61
</error>
    <system-out><![CDATA[14:17:14.499 [main] DEBUG org.springframework.test.context.BootstrapUtils - Instantiating CacheAwareContextLoaderDelegate from class [org.springframework.test.context.cache.DefaultCacheAwareContextLoaderDelegate]
14:17:14.523 [main] DEBUG org.springframework.test.context.BootstrapUtils - Instantiating BootstrapContext using constructor [public org.springframework.test.context.support.DefaultBootstrapContext(java.lang.Class,org.springframework.test.context.CacheAwareContextLoaderDelegate)]
14:17:14.577 [main] DEBUG org.springframework.test.context.BootstrapUtils - Instantiating TestContextBootstrapper for test class [com.ust.EmployeeLeaveApp.EmployeeLeaveAppApplicationTests] from class [org.springframework.boot.test.context.SpringBootTestContextBootstrapper]
14:17:14.592 [main] INFO org.springframework.boot.test.context.SpringBootTestContextBootstrapper - Neither @ContextConfiguration nor @ContextHierarchy found for test class [com.ust.EmployeeLeaveApp.EmployeeLeaveAppApplicationTests], using SpringBootContextLoader
14:17:14.597 [main] DEBUG org.springframework.test.context.support.AbstractContextLoader - Did not detect default resource location for test class [com.ust.EmployeeLeaveApp.EmployeeLeaveAppApplicationTests]: class path resource [com/ust/EmployeeLeaveApp/EmployeeLeaveAppApplicationTests-context.xml] does not exist
14:17:14.597 [main] DEBUG org.springframework.test.context.support.AbstractContextLoader - Did not detect default resource location for test class [com.ust.EmployeeLeaveApp.EmployeeLeaveAppApplicationTests]: class path resource [com/ust/EmployeeLeaveApp/EmployeeLeaveAppApplicationTestsContext.groovy] does not exist
14:17:14.598 [main] INFO org.springframework.test.context.support.AbstractContextLoader - Could not detect default resource locations for test class [com.ust.EmployeeLeaveApp.EmployeeLeaveAppApplicationTests]: no resource found for suffixes {-context.xml, Context.groovy}.
14:17:14.598 [main] INFO org.springframework.test.context.support.AnnotationConfigContextLoaderUtils - Could not detect default configuration classes for test class [com.ust.EmployeeLeaveApp.EmployeeLeaveAppApplicationTests]: EmployeeLeaveAppApplicationTests does not declare any static, non-private, non-final, nested classes annotated with @Configuration.
14:17:14.683 [main] DEBUG org.springframework.test.context.support.ActiveProfilesUtils - Could not find an 'annotation declaring class' for annotation type [org.springframework.test.context.ActiveProfiles] and class [com.ust.EmployeeLeaveApp.EmployeeLeaveAppApplicationTests]
14:17:14.718 [main] DEBUG org.springframework.test.context.BootstrapUtils - Instantiating CacheAwareContextLoaderDelegate from class [org.springframework.test.context.cache.DefaultCacheAwareContextLoaderDelegate]
14:17:14.718 [main] DEBUG org.springframework.test.context.BootstrapUtils - Instantiating BootstrapContext using constructor [public org.springframework.test.context.support.DefaultBootstrapContext(java.lang.Class,org.springframework.test.context.CacheAwareContextLoaderDelegate)]
14:17:14.720 [main] DEBUG org.springframework.test.context.BootstrapUtils - Instantiating TestContextBootstrapper for test class [com.ust.EmployeeLeaveApp.EmployeeLeaveAppApplicationTests] from class [org.springframework.boot.test.context.SpringBootTestContextBootstrapper]
14:17:14.720 [main] INFO org.springframework.boot.test.context.SpringBootTestContextBootstrapper - Neither @ContextConfiguration nor @ContextHierarchy found for test class [com.ust.EmployeeLeaveApp.EmployeeLeaveAppApplicationTests], using SpringBootContextLoader
14:17:14.721 [main] DEBUG org.springframework.test.context.support.AbstractContextLoader - Did not detect default resource location for test class [com.ust.EmployeeLeaveApp.EmployeeLeaveAppApplicationTests]: class path resource [com/ust/EmployeeLeaveApp/EmployeeLeaveAppApplicationTests-context.xml] does not exist
14:17:14.722 [main] DEBUG org.springframework.test.context.support.AbstractContextLoader - Did not detect default resource location for test class [com.ust.EmployeeLeaveApp.EmployeeLeaveAppApplicationTests]: class path resource [com/ust/EmployeeLeaveApp/EmployeeLeaveAppApplicationTestsContext.groovy] does not exist
14:17:14.722 [main] INFO org.springframework.test.context.support.AbstractContextLoader - Could not detect default resource locations for test class [com.ust.EmployeeLeaveApp.EmployeeLeaveAppApplicationTests]: no resource found for suffixes {-context.xml, Context.groovy}.
14:17:14.722 [main] INFO org.springframework.test.context.support.AnnotationConfigContextLoaderUtils - Could not detect default configuration classes for test class [com.ust.EmployeeLeaveApp.EmployeeLeaveAppApplicationTests]: EmployeeLeaveAppApplicationTests does not declare any static, non-private, non-final, nested classes annotated with @Configuration.
14:17:14.724 [main] DEBUG org.springframework.test.context.support.ActiveProfilesUtils - Could not find an 'annotation declaring class' for annotation type [org.springframework.test.context.ActiveProfiles] and class [com.ust.EmployeeLeaveApp.EmployeeLeaveAppApplicationTests]
14:17:14.733 [main] DEBUG org.springframework.test.context.BootstrapUtils - Instantiating CacheAwareContextLoaderDelegate from class [org.springframework.test.context.cache.DefaultCacheAwareContextLoaderDelegate]
14:17:14.734 [main] DEBUG org.springframework.test.context.BootstrapUtils - Instantiating BootstrapContext using constructor [public org.springframework.test.context.support.DefaultBootstrapContext(java.lang.Class,org.springframework.test.context.CacheAwareContextLoaderDelegate)]
14:17:14.735 [main] DEBUG org.springframework.test.context.BootstrapUtils - Instantiating TestContextBootstrapper for test class [com.ust.EmployeeLeaveApp.EmployeeLeaveAppApplicationTests] from class [org.springframework.boot.test.context.SpringBootTestContextBootstrapper]
14:17:14.736 [main] INFO org.springframework.boot.test.context.SpringBootTestContextBootstrapper - Neither @ContextConfiguration nor @ContextHierarchy found for test class [com.ust.EmployeeLeaveApp.EmployeeLeaveAppApplicationTests], using SpringBootContextLoader
14:17:14.737 [main] DEBUG org.springframework.test.context.support.AbstractContextLoader - Did not detect default resource location for test class [com.ust.EmployeeLeaveApp.EmployeeLeaveAppApplicationTests]: class path resource [com/ust/EmployeeLeaveApp/EmployeeLeaveAppApplicationTests-context.xml] does not exist
14:17:14.738 [main] DEBUG org.springframework.test.context.support.AbstractContextLoader - Did not detect default resource location for test class [com.ust.EmployeeLeaveApp.EmployeeLeaveAppApplicationTests]: class path resource [com/ust/EmployeeLeaveApp/EmployeeLeaveAppApplicationTestsContext.groovy] does not exist
14:17:14.738 [main] INFO org.springframework.test.context.support.AbstractContextLoader - Could not detect default resource locations for test class [com.ust.EmployeeLeaveApp.EmployeeLeaveAppApplicationTests]: no resource found for suffixes {-context.xml, Context.groovy}.
14:17:14.739 [main] INFO org.springframework.test.context.support.AnnotationConfigContextLoaderUtils - Could not detect default configuration classes for test class [com.ust.EmployeeLeaveApp.EmployeeLeaveAppApplicationTests]: EmployeeLeaveAppApplicationTests does not declare any static, non-private, non-final, nested classes annotated with @Configuration.
14:17:14.741 [main] DEBUG org.springframework.test.context.support.ActiveProfilesUtils - Could not find an 'annotation declaring class' for annotation type [org.springframework.test.context.ActiveProfiles] and class [com.ust.EmployeeLeaveApp.EmployeeLeaveAppApplicationTests]
]]></system-out>
  </testcase>
</testsuite>